<?xml version="1.0" encoding="UTF-8"?>
<!-- Generated by org.testng.reporters.JUnitReportReporter -->
<testsuite hostname="Hybrid" name="test.java.OneTest" tests="2" failures="0" timestamp="10 Oct 2017 10:09:20 GMT" time="20.005" errors="0">
  <testcase name="Sum" time="10.004" classname="test.java.OneTest"/>
  <testcase name="Sum1" time="10.001" classname="test.java.OneTest"/>
</testsuite> <!-- test.java.OneTest -->
