<?xml version="1.0" encoding="UTF-8"?>
<!-- Generated by org.testng.reporters.JUnitReportReporter -->
<testsuite hostname="Hybrid" name="test.java.TWOTest" tests="2" failures="0" timestamp="10 Oct 2017 10:09:20 GMT" time="20.029" errors="0">
  <testcase name="Sum" time="10.027" classname="test.java.TWOTest"/>
  <testcase name="Sum1" time="10.002" classname="test.java.TWOTest"/>
</testsuite> <!-- test.java.TWOTest -->
